<?xml version="1.0" encoding="UTF-8"?>
<testng-results ignored="0" total="1" passed="1" failed="0" skipped="0">
  <reporter-output>
  </reporter-output>
  <suite started-at="2024-08-16T10:09:55 IST" name="Default suite" finished-at="2024-08-16T10:10:00 IST" duration-ms="4597">
    <groups>
    </groups>
    <test started-at="2024-08-16T10:09:55 IST" name="Default test" finished-at="2024-08-16T10:10:00 IST" duration-ms="4597">
      <class name="com.ashish.RahulShetty">
        <test-method signature="setUp()[pri:0, instance:com.ashish.RahulShetty@6e6f2380]" started-at="2024-08-16T10:09:55 IST" name="setUp" finished-at="2024-08-16T10:10:00 IST" duration-ms="4551" status="PASS">
          <reporter-output>
          </reporter-output>
        </test-method> <!-- setUp -->
      </class> <!-- com.ashish.RahulShetty -->
    </test> <!-- Default test -->
  </suite> <!-- Default suite -->
</testng-results>
